<?xml version="1.0" encoding="UTF-8"?>
<!-- Generated by org.testng.reporters.JUnitReportReporter -->
<testsuite hostname="Dharsanchlm" failures="0" tests="1" name="com.testing.FileUpload" time="8.459" errors="0" timestamp="2025-09-13T17:11:07 IST" skipped="0">
  <testcase classname="com.testing.FileUpload" name="fileUploads" time="8.459"/>
</testsuite> <!-- com.testing.FileUpload -->
