<?xml version="1.0" encoding="UTF-8"?>
<!-- Generated by org.testng.reporters.JUnitReportReporter -->
<testsuite hostname="Dharsanchlm" failures="0" tests="4" name="com.testing.TestNGExcelDataProvider" time="30.392" errors="0" timestamp="2025-09-10T16:12:45 IST" skipped="0">
  <testcase classname="com.testing.TestNGExcelDataProvider" name="loginMethod" time="7.515"/>
  <testcase classname="com.testing.TestNGExcelDataProvider" name="loginMethod" time="8.745"/>
  <testcase classname="com.testing.TestNGExcelDataProvider" name="loginMethod" time="6.890"/>
  <testcase classname="com.testing.TestNGExcelDataProvider" name="loginMethod" time="7.242"/>
</testsuite> <!-- com.testing.TestNGExcelDataProvider -->
