<?xml version="1.0" encoding="UTF-8"?>
<!-- Generated by org.testng.reporters.JUnitReportReporter -->
<testsuite hostname="Dharsanchlm" failures="0" tests="5" name="com.testing.InvocationCountClass" time="35.303" errors="0" timestamp="2025-09-10T16:07:07 IST" skipped="0">
  <testcase classname="com.testing.InvocationCountClass" name="demo" time="7.766"/>
  <testcase classname="com.testing.InvocationCountClass" name="demo" time="7.055"/>
  <testcase classname="com.testing.InvocationCountClass" name="demo" time="6.354"/>
  <testcase classname="com.testing.InvocationCountClass" name="demo" time="8.331"/>
  <testcase classname="com.testing.InvocationCountClass" name="demo" time="5.797"/>
</testsuite> <!-- com.testing.InvocationCountClass -->
