<?xml version="1.0" encoding="UTF-8"?>
<!-- Generated by org.testng.reporters.JUnitReportReporter -->
<testsuite hostname="Dharsanchlm" failures="0" tests="3" name="com.testing.DependsonMethodClass" time="0.015" errors="0" timestamp="2025-09-09T23:06:16 IST" skipped="0">
  <testcase classname="com.testing.DependsonMethodClass" name="sampleTwo" time="0.001"/>
  <testcase classname="com.testing.DependsonMethodClass" name="sampleOne" time="0.012"/>
  <testcase classname="com.testing.DependsonMethodClass" name="sampleThree" time="0.002"/>
</testsuite> <!-- com.testing.DependsonMethodClass -->
