<?xml version="1.0" encoding="UTF-8"?>
<!-- Generated by org.testng.reporters.JUnitReportReporter -->
<testsuite hostname="Dharsanchlm" failures="0" tests="2" name="com.testing.CrossBrowser" time="21.958" errors="0" timestamp="2025-09-08T18:37:28 IST" skipped="0">
  <testcase classname="com.testing.CrossBrowser" name="edge" time="13.156"/>
  <testcase classname="com.testing.CrossBrowser" name="firefox" time="8.802"/>
</testsuite> <!-- com.testing.CrossBrowser -->
