<?xml version="1.0" encoding="UTF-8"?>
<!-- Generated by org.testng.reporters.JUnitReportReporter -->
<testsuite hostname="Dharsanchlm" failures="0" tests="1" name="com.testing.ParameterizationClass" time="8.592" errors="0" timestamp="2025-09-10T16:08:34 IST" skipped="0">
  <testcase classname="com.testing.ParameterizationClass" name="loginMethod" time="8.592"/>
</testsuite> <!-- com.testing.ParameterizationClass -->
