<?xml version="1.0" encoding="UTF-8"?>
<!-- Generated by org.testng.reporters.JUnitReportReporter -->
<testsuite hostname="Dharsanchlm" failures="0" tests="3" name="com.runner.NaukriRunner" time="28.257" errors="0" timestamp="2025-09-14T22:00:27 IST" skipped="0">
  <testcase classname="com.runner.NaukriRunner" name="resumepload" time="4.182"/>
  <testcase classname="com.runner.NaukriRunner" name="NakuriLogin" time="7.695"/>
  <testcase classname="com.runner.NaukriRunner" name="ProfileUpdate" time="16.380"/>
</testsuite> <!-- com.runner.NaukriRunner -->
