<?xml version="1.0" encoding="UTF-8"?>
<!-- Generated by org.testng.reporters.JUnitReportReporter -->
<testsuite hostname="Dharsanchlm" failures="0" tests="8" name="com.testing.GroupingClass" time="0.019" errors="0" timestamp="2025-09-09T23:05:14 IST" skipped="0">
  <testcase classname="com.testing.GroupingClass" name="msc" time="0.009"/>
  <testcase classname="com.testing.GroupingClass" name="bTech" time="0.001"/>
  <testcase classname="com.testing.GroupingClass" name="mphil" time="0.003"/>
  <testcase classname="com.testing.GroupingClass" name="mba" time="0.001"/>
  <testcase classname="com.testing.GroupingClass" name="software" time="0.001"/>
  <testcase classname="com.testing.GroupingClass" name="mca" time="0.001"/>
  <testcase classname="com.testing.GroupingClass" name="civil" time="0.002"/>
  <testcase classname="com.testing.GroupingClass" name="mechcanical" time="0.001"/>
</testsuite> <!-- com.testing.GroupingClass -->
