<?xml version="1.0" encoding="UTF-8"?>
<!-- Generated by org.testng.reporters.JUnitReportReporter -->
<testsuite hostname="Dharsanchlm" failures="0" tests="3" name="com.testing.SimpleAnnotation" time="0.018" errors="0" timestamp="2025-09-08T18:40:18 IST" skipped="0">
  <testcase classname="com.testing.SimpleAnnotation" name="laptop" time="0.004"/>
  <testcase classname="com.testing.SimpleAnnotation" name="mobile" time="0.002"/>
  <testcase classname="com.testing.SimpleAnnotation" name="Gadgets" time="0.012"/>
</testsuite> <!-- com.testing.SimpleAnnotation -->
