<?xml version="1.0" encoding="UTF-8"?>
<!-- Generated by org.testng.reporters.JUnitReportReporter -->
<testsuite hostname="Dharsanchlm" failures="0" tests="1" name="com.testing.HardSoftAssert" time="0.023" errors="0" timestamp="2025-09-09T23:04:03 IST" skipped="0">
  <testcase classname="com.testing.HardSoftAssert" name="hardAssert" time="0.023"/>
</testsuite> <!-- com.testing.HardSoftAssert -->
