<?xml version="1.0" encoding="UTF-8"?>
<!-- Generated by org.testng.reporters.JUnitReportReporter -->
<testsuite hostname="Dharsanchlm" failures="0" tests="3" name="com.testing.PriorityClass" time="0.015" errors="0" timestamp="2025-09-09T20:32:10 IST" skipped="0">
  <testcase classname="com.testing.PriorityClass" name="login" time="0.011"/>
  <testcase classname="com.testing.PriorityClass" name="search" time="0.001"/>
  <testcase classname="com.testing.PriorityClass" name="addToCart" time="0.003"/>
</testsuite> <!-- com.testing.PriorityClass -->
